INFO 2025-12-05 14:41:33,386 autoreload Watching for file changes with StatReloader
INFO 2025-12-05 17:59:27,283 autoreload Watching for file changes with StatReloader
INFO 2025-12-05 17:59:40,513 autoreload /home/notouriousmma/Documents/Tk/pharmacy/Pharmacy_project/Pharmacy_project/settings.py changed, reloading.
INFO 2025-12-05 17:59:41,411 autoreload Watching for file changes with StatReloader
INFO 2025-12-05 18:06:44,841 autoreload /home/notouriousmma/Documents/Tk/pharmacy/Pharmacy_project/inventory/models.py changed, reloading.
INFO 2025-12-05 18:06:45,770 autoreload Watching for file changes with StatReloader
INFO 2025-12-05 18:06:47,362 autoreload /home/notouriousmma/Documents/Tk/pharmacy/Pharmacy_project/inventory/models.py changed, reloading.
INFO 2025-12-05 18:06:47,949 autoreload Watching for file changes with StatReloader
INFO 2025-12-05 18:07:57,723 autoreload /home/notouriousmma/Documents/Tk/pharmacy/Pharmacy_project/suppliers/models.py changed, reloading.
INFO 2025-12-05 18:07:58,539 autoreload Watching for file changes with StatReloader
INFO 2025-12-05 18:23:52,768 autoreload Watching for file changes with StatReloader
INFO 2025-12-05 18:24:19,738 autoreload Watching for file changes with StatReloader
INFO 2025-12-05 18:24:38,076 autoreload /home/notouriousmma/Documents/Tk/pharmacy/Pharmacy_project/sales/models.py changed, reloading.
INFO 2025-12-05 18:24:38,777 autoreload Watching for file changes with StatReloader
INFO 2025-12-05 18:24:40,980 autoreload /home/notouriousmma/Documents/Tk/pharmacy/Pharmacy_project/sales/models.py changed, reloading.
INFO 2025-12-05 18:24:41,998 autoreload Watching for file changes with StatReloader
INFO 2025-12-05 18:24:43,275 autoreload /home/notouriousmma/Documents/Tk/pharmacy/Pharmacy_project/sales/models.py changed, reloading.
INFO 2025-12-05 18:24:44,500 autoreload Watching for file changes with StatReloader
INFO 2025-12-05 18:24:45,738 autoreload /home/notouriousmma/Documents/Tk/pharmacy/Pharmacy_project/sales/models.py changed, reloading.
INFO 2025-12-05 18:24:46,607 autoreload Watching for file changes with StatReloader
INFO 2025-12-05 18:24:47,862 autoreload /home/notouriousmma/Documents/Tk/pharmacy/Pharmacy_project/sales/models.py changed, reloading.
INFO 2025-12-05 18:24:48,499 autoreload Watching for file changes with StatReloader
INFO 2025-12-05 18:24:51,829 autoreload /home/notouriousmma/Documents/Tk/pharmacy/Pharmacy_project/sales/models.py changed, reloading.
INFO 2025-12-05 18:24:53,058 autoreload Watching for file changes with StatReloader
INFO 2025-12-05 18:24:54,430 autoreload /home/notouriousmma/Documents/Tk/pharmacy/Pharmacy_project/sales/models.py changed, reloading.
INFO 2025-12-05 18:24:55,187 autoreload Watching for file changes with StatReloader
INFO 2025-12-05 18:25:07,491 autoreload /home/notouriousmma/Documents/Tk/pharmacy/Pharmacy_project/sales/admin.py changed, reloading.
INFO 2025-12-05 18:25:08,158 autoreload Watching for file changes with StatReloader
INFO 2025-12-05 18:27:28,598 autoreload /home/notouriousmma/Documents/Tk/pharmacy/Pharmacy_project/prescriptions/admin.py changed, reloading.
INFO 2025-12-05 18:27:29,228 autoreload Watching for file changes with StatReloader
INFO 2025-12-05 18:27:47,623 autoreload /home/notouriousmma/Documents/Tk/pharmacy/Pharmacy_project/customers/admin.py changed, reloading.
INFO 2025-12-05 18:27:48,544 autoreload Watching for file changes with StatReloader
INFO 2025-12-05 18:28:30,126 autoreload /home/notouriousmma/Documents/Tk/pharmacy/Pharmacy_project/suppliers/admin.py changed, reloading.
INFO 2025-12-05 18:28:30,898 autoreload Watching for file changes with StatReloader
INFO 2025-12-05 18:32:11,344 autoreload Watching for file changes with StatReloader
INFO 2025-12-05 18:32:32,404 autoreload /home/notouriousmma/Documents/Tk/pharmacy/Pharmacy_project/accounts/views.py changed, reloading.
INFO 2025-12-05 18:32:33,195 autoreload Watching for file changes with StatReloader
INFO 2025-12-05 18:32:37,007 autoreload /home/notouriousmma/Documents/Tk/pharmacy/Pharmacy_project/accounts/views.py changed, reloading.
INFO 2025-12-05 18:32:38,631 autoreload Watching for file changes with StatReloader
INFO 2025-12-05 18:32:43,065 autoreload /home/notouriousmma/Documents/Tk/pharmacy/Pharmacy_project/accounts/views.py changed, reloading.
INFO 2025-12-05 18:32:43,816 autoreload Watching for file changes with StatReloader
INFO 2025-12-05 18:34:59,122 autoreload /home/notouriousmma/Documents/Tk/pharmacy/Pharmacy_project/inventory/views.py changed, reloading.
INFO 2025-12-05 18:35:00,112 autoreload Watching for file changes with StatReloader
INFO 2025-12-05 18:35:03,880 autoreload /home/notouriousmma/Documents/Tk/pharmacy/Pharmacy_project/inventory/views.py changed, reloading.
INFO 2025-12-05 18:35:04,582 autoreload Watching for file changes with StatReloader
INFO 2025-12-05 18:35:08,272 autoreload /home/notouriousmma/Documents/Tk/pharmacy/Pharmacy_project/inventory/views.py changed, reloading.
INFO 2025-12-05 18:35:09,135 autoreload Watching for file changes with StatReloader
INFO 2025-12-05 18:36:18,207 autoreload /home/notouriousmma/Documents/Tk/pharmacy/Pharmacy_project/sales/views.py changed, reloading.
INFO 2025-12-05 18:36:19,077 autoreload Watching for file changes with StatReloader
INFO 2025-12-05 18:36:22,358 autoreload /home/notouriousmma/Documents/Tk/pharmacy/Pharmacy_project/sales/views.py changed, reloading.
INFO 2025-12-05 18:36:24,016 autoreload Watching for file changes with StatReloader
INFO 2025-12-05 18:36:45,637 autoreload /home/notouriousmma/Documents/Tk/pharmacy/Pharmacy_project/suppliers/views.py changed, reloading.
INFO 2025-12-05 18:36:46,277 autoreload Watching for file changes with StatReloader
INFO 2025-12-05 18:36:53,098 autoreload /home/notouriousmma/Documents/Tk/pharmacy/Pharmacy_project/suppliers/views.py changed, reloading.
INFO 2025-12-05 18:36:53,835 autoreload Watching for file changes with StatReloader
INFO 2025-12-05 18:39:37,055 autoreload Watching for file changes with StatReloader
INFO 2025-12-05 18:58:39,174 autoreload /home/notouriousmma/Documents/Tk/pharmacy/Pharmacy_project/report/views.py changed, reloading.
INFO 2025-12-05 18:58:40,221 autoreload Watching for file changes with StatReloader
INFO 2025-12-05 18:58:42,392 autoreload /home/notouriousmma/Documents/Tk/pharmacy/Pharmacy_project/report/views.py changed, reloading.
INFO 2025-12-05 18:58:43,519 autoreload Watching for file changes with StatReloader
INFO 2025-12-05 18:59:18,142 autoreload /home/notouriousmma/Documents/Tk/pharmacy/Pharmacy_project/report/urls.py changed, reloading.
INFO 2025-12-05 18:59:18,835 autoreload Watching for file changes with StatReloader
INFO 2025-12-05 18:59:33,694 autoreload /home/notouriousmma/Documents/Tk/pharmacy/Pharmacy_project/report/urls.py changed, reloading.
INFO 2025-12-05 18:59:34,780 autoreload Watching for file changes with StatReloader
INFO 2025-12-06 17:51:16,301 autoreload Watching for file changes with StatReloader
INFO 2025-12-06 18:01:29,598 autoreload /home/notouriousmma/Documents/Tk/pharmacy/Pharmacy_project/report/views.py changed, reloading.
INFO 2025-12-06 18:01:34,403 autoreload Watching for file changes with StatReloader
INFO 2025-12-06 18:01:59,264 autoreload /home/notouriousmma/Documents/Tk/pharmacy/Pharmacy_project/report/views.py changed, reloading.
INFO 2025-12-06 18:02:01,518 autoreload Watching for file changes with StatReloader
INFO 2025-12-06 18:03:06,942 autoreload /home/notouriousmma/Documents/Tk/pharmacy/Pharmacy_project/notifications/urls.py changed, reloading.
INFO 2025-12-06 18:03:07,539 autoreload Watching for file changes with StatReloader
INFO 2025-12-06 18:03:33,909 autoreload /home/notouriousmma/Documents/Tk/pharmacy/Pharmacy_project/inventory/serializers.py changed, reloading.
INFO 2025-12-06 18:03:34,706 autoreload Watching for file changes with StatReloader
INFO 2025-12-06 18:04:32,719 autoreload /home/notouriousmma/Documents/Tk/pharmacy/Pharmacy_project/sales/api_urls.py changed, reloading.
INFO 2025-12-06 18:04:35,044 autoreload Watching for file changes with StatReloader
INFO 2025-12-06 18:04:40,195 autoreload /home/notouriousmma/Documents/Tk/pharmacy/Pharmacy_project/sales/api_urls.py changed, reloading.
INFO 2025-12-06 18:04:40,885 autoreload Watching for file changes with StatReloader
INFO 2025-12-06 18:04:48,754 autoreload /home/notouriousmma/Documents/Tk/pharmacy/Pharmacy_project/sales/api_urls.py changed, reloading.
INFO 2025-12-06 18:04:49,893 autoreload Watching for file changes with StatReloader
INFO 2025-12-06 18:04:52,811 autoreload /home/notouriousmma/Documents/Tk/pharmacy/Pharmacy_project/sales/api_urls.py changed, reloading.
INFO 2025-12-06 18:04:53,486 autoreload Watching for file changes with StatReloader
INFO 2025-12-06 18:04:59,200 autoreload /home/notouriousmma/Documents/Tk/pharmacy/Pharmacy_project/sales/api_urls.py changed, reloading.
INFO 2025-12-06 18:05:00,191 autoreload Watching for file changes with StatReloader
INFO 2025-12-06 18:07:45,165 autoreload /home/notouriousmma/Documents/Tk/pharmacy/Pharmacy_project/customers/api_urls.py changed, reloading.
INFO 2025-12-06 18:07:46,105 autoreload Watching for file changes with StatReloader
INFO 2025-12-06 18:08:04,102 autoreload /home/notouriousmma/Documents/Tk/pharmacy/Pharmacy_project/prescriptions/api_urls.py changed, reloading.
INFO 2025-12-06 18:08:04,916 autoreload Watching for file changes with StatReloader
INFO 2025-12-06 18:08:28,112 autoreload /home/notouriousmma/Documents/Tk/pharmacy/Pharmacy_project/report/api_urls.py changed, reloading.
INFO 2025-12-06 18:08:28,941 autoreload Watching for file changes with StatReloader
INFO 2025-12-06 18:11:08,032 autoreload /home/notouriousmma/Documents/Tk/pharmacy/Pharmacy_project/Pharmacy_project/urls.py changed, reloading.
INFO 2025-12-06 18:11:08,992 autoreload Watching for file changes with StatReloader
INFO 2025-12-06 18:12:50,889 autoreload /home/notouriousmma/Documents/Tk/pharmacy/Pharmacy_project/Pharmacy_project/urls.py changed, reloading.
INFO 2025-12-06 18:12:51,796 autoreload Watching for file changes with StatReloader
INFO 2025-12-06 18:13:54,202 autoreload Watching for file changes with StatReloader
INFO 2025-12-06 18:13:59,612 basehttp code 400, message Bad request version ('**\x13\x01\x13\x02\x13\x03À+À/À,À0Ì©Ì¨À\x13À\x14\x00\x9c\x00\x9d\x00/\x005\x01\x00\x06s')
ERROR 2025-12-06 18:13:59,613 basehttp You're accessing the development server over HTTPS, but it only supports HTTP.
INFO 2025-12-06 18:13:59,630 basehttp code 400, message Bad request version ('\x00\x12\x00\x10\x04\x03\x08\x04\x04\x01\x05\x03\x08\x05\x05\x01\x08\x06\x06\x01\x00')
ERROR 2025-12-06 18:13:59,630 basehttp You're accessing the development server over HTTPS, but it only supports HTTP.
INFO 2025-12-06 18:15:15,286 basehttp "GET / HTTP/1.1" 302 0
WARNING 2025-12-06 18:15:16,651 log Not Found: /accounts/login/
WARNING 2025-12-06 18:15:16,652 basehttp "GET /accounts/login/?next=/ HTTP/1.1" 404 5734
WARNING 2025-12-06 18:15:21,868 log Not Found: /favicon.ico
WARNING 2025-12-06 18:15:21,869 basehttp "GET /favicon.ico HTTP/1.1" 404 5715
INFO 2025-12-06 18:15:56,813 autoreload Watching for file changes with StatReloader
INFO 2025-12-06 18:16:03,890 basehttp "GET / HTTP/1.1" 302 0
WARNING 2025-12-06 18:16:04,346 log Not Found: /accounts/login/
WARNING 2025-12-06 18:16:04,347 basehttp "GET /accounts/login/?next=/ HTTP/1.1" 404 5734
INFO 2025-12-06 18:19:36,396 basehttp "GET /login HTTP/1.1" 301 0
ERROR 2025-12-06 18:19:36,854 log Internal Server Error: /login/
Traceback (most recent call last):
  File "/home/notouriousmma/Documents/Tk/pharmacy/Pharmacy_project/venv/lib/python3.12/site-packages/django/core/handlers/exception.py", line 55, in inner
    response = get_response(request)
               ^^^^^^^^^^^^^^^^^^^^^
  File "/home/notouriousmma/Documents/Tk/pharmacy/Pharmacy_project/venv/lib/python3.12/site-packages/django/core/handlers/base.py", line 197, in _get_response
    response = wrapped_callback(request, *callback_args, **callback_kwargs)
               ^^^^^^^^^^^^^^^^^^^^^^^^^^^^^^^^^^^^^^^^^^^^^^^^^^^^^^^^^^^^
  File "/home/notouriousmma/Documents/Tk/pharmacy/Pharmacy_project/accounts/views.py", line 56, in login_view
    return render(request, 'accounts/login.html')
           ^^^^^^^^^^^^^^^^^^^^^^^^^^^^^^^^^^^^^^
  File "/home/notouriousmma/Documents/Tk/pharmacy/Pharmacy_project/venv/lib/python3.12/site-packages/django/shortcuts.py", line 25, in render
    content = loader.render_to_string(template_name, context, request, using=using)
              ^^^^^^^^^^^^^^^^^^^^^^^^^^^^^^^^^^^^^^^^^^^^^^^^^^^^^^^^^^^^^^^^^^^^^
  File "/home/notouriousmma/Documents/Tk/pharmacy/Pharmacy_project/venv/lib/python3.12/site-packages/django/template/loader.py", line 61, in render_to_string
    template = get_template(template_name, using=using)
               ^^^^^^^^^^^^^^^^^^^^^^^^^^^^^^^^^^^^^^^^
  File "/home/notouriousmma/Documents/Tk/pharmacy/Pharmacy_project/venv/lib/python3.12/site-packages/django/template/loader.py", line 19, in get_template
    raise TemplateDoesNotExist(template_name, chain=chain)
django.template.exceptions.TemplateDoesNotExist: accounts/login.html
ERROR 2025-12-06 18:19:36,857 basehttp "GET /login/ HTTP/1.1" 500 91560
INFO 2025-12-06 18:19:49,667 basehttp "GET / HTTP/1.1" 302 0
WARNING 2025-12-06 18:19:49,743 log Not Found: /accounts/login/
WARNING 2025-12-06 18:19:49,743 basehttp "GET /accounts/login/?next=/ HTTP/1.1" 404 5734
INFO 2025-12-06 18:20:10,766 basehttp "GET /dashboard/ HTTP/1.1" 302 0
WARNING 2025-12-06 18:20:10,811 log Not Found: /accounts/login/
WARNING 2025-12-06 18:20:10,813 basehttp "GET /accounts/login/?next=/dashboard/ HTTP/1.1" 404 5744
